Traceback (most recent call last):
  File "/project2/jevans/aabir/weboftruth/pyscripts/train_save_model.py", line 269, in <module>
    mod = CustomTransModel(test_kg, model_type = args.model_type)
  File "/project2/jevans/aabir/weboftruth/pyscripts/train_save_model.py", line 92, in __init__
    self.logline(vars(self))
  File "/project2/jevans/aabir/weboftruth/pyscripts/train_save_model.py", line 113, in logline
    f.write(line)
TypeError: write() argument must be str, not dict

During handling of the above exception, another exception occurred:

Traceback (most recent call last):
  File "/project2/jevans/aabir/weboftruth/pyscripts/train_save_model.py", line 273, in <module>
    mod = CustomBilinearModel(tr_kg, model_type = arg.model_type)
NameError: name 'arg' is not defined
